<?xml version="1.0" encoding="UTF-8"?>
<!-- Generated by org.testng.reporters.JUnitReportReporter -->
<testsuite hostname="RFL509" failures="0" tests="1" name="testRunner.RunTest" time="4144.611" errors="0" timestamp="2023-05-02T22:29:37 IST" skipped="0">
  <testcase classname="testRunner.RunTest" name="runScenario" time="4144.611"/>
  <system-out/>
</testsuite> <!-- testRunner.RunTest -->
